<?xml version="1.0" encoding="UTF-8"?>
<!-- Generated by org.testng.reporters.JUnitReportReporter -->
<testsuite hostname="EPRUPETW6152" name="hw1.TestSubtractionReturnsCorrectResults" tests="6" failures="6" timestamp="18 Jun 2019 20:43:25 GMT" time="0.000" errors="0">
  <testcase name="SubtractingDoubleNegativeMakesAPositive" time="0.000" classname="hw1.TestSubtractionReturnsCorrectResults">
    <failure type="org.openqa.selenium.SessionNotCreatedException" message="session not created: This version of ChromeDriver only supports Chrome version 76
Build info: version: &#039;3.141.59&#039;, revision: &#039;e82be7d358&#039;, time: &#039;2018-11-14T08:17:03&#039;
System info: host: &#039;EPRUPETW6152&#039;, ip: &#039;192.168.56.1&#039;, os.name: &#039;Windows 8.1&#039;, os.arch: &#039;amd64&#039;, os.version: &#039;6.3&#039;, java.version: &#039;1.8.0_71&#039;
Driver info: driver.version: ChromeDriver
remote stacktrace: Backtrace:
	Ordinal0 [0x00C57B13+1473299]
	Ordinal0 [0x00BDAC61+961633]
	Ordinal0 [0x00B641A3+475555]
	Ordinal0 [0x00AFF365+62309]
	Ordinal0 [0x00AFBC77+48247]
	Ordinal0 [0x00B18FD9+167897]
	Ordinal0 [0x00B18BAD+166829]
	Ordinal0 [0x00B172BB+160443]
	Ordinal0 [0x00B00AE6+68326]
	Ordinal0 [0x00B01A80+72320]
	Ordinal0 [0x00B01A19+72217]
	Ordinal0 [0x00BF4A27+1067559]
	GetHandleVerifier [0x00CF66F5+506677]
	GetHandleVerifier [0x00CF6490+506064]
	GetHandleVerifier [0x00CFD038+533624]
	GetHandleVerifier [0x00CF6ECA+508682]
	Ordinal0 [0x00BEC116+1032470]
	Ordinal0 [0x00BEBF8F+1032079]
	Ordinal0 [0x00BF693B+1075515]
	Ordinal0 [0x00BF6AA3+1075875]
	Ordinal0 [0x00BF5A55+1071701]
	BaseThreadInitThunk [0x769E6A14+36]
	RtlInitializeExceptionChain [0x7707AD8F+143]
	RtlInitializeExceptionChain [0x7707AD5A+90]
">
      <![CDATA[org.openqa.selenium.SessionNotCreatedException: session not created: This version of ChromeDriver only supports Chrome version 76
Build info: version: '3.141.59', revision: 'e82be7d358', time: '2018-11-14T08:17:03'
System info: host: 'EPRUPETW6152', ip: '192.168.56.1', os.name: 'Windows 8.1', os.arch: 'amd64', os.version: '6.3', java.version: '1.8.0_71'
Driver info: driver.version: ChromeDriver
remote stacktrace: Backtrace:
	Ordinal0 [0x00C57B13+1473299]
	Ordinal0 [0x00BDAC61+961633]
	Ordinal0 [0x00B641A3+475555]
	Ordinal0 [0x00AFF365+62309]
	Ordinal0 [0x00AFBC77+48247]
	Ordinal0 [0x00B18FD9+167897]
	Ordinal0 [0x00B18BAD+166829]
	Ordinal0 [0x00B172BB+160443]
	Ordinal0 [0x00B00AE6+68326]
	Ordinal0 [0x00B01A80+72320]
	Ordinal0 [0x00B01A19+72217]
	Ordinal0 [0x00BF4A27+1067559]
	GetHandleVerifier [0x00CF66F5+506677]
	GetHandleVerifier [0x00CF6490+506064]
	GetHandleVerifier [0x00CFD038+533624]
	GetHandleVerifier [0x00CF6ECA+508682]
	Ordinal0 [0x00BEC116+1032470]
	Ordinal0 [0x00BEBF8F+1032079]
	Ordinal0 [0x00BF693B+1075515]
	Ordinal0 [0x00BF6AA3+1075875]
	Ordinal0 [0x00BF5A55+1071701]
	BaseThreadInitThunk [0x769E6A14+36]
	RtlInitializeExceptionChain [0x7707AD8F+143]
	RtlInitializeExceptionChain [0x7707AD5A+90]

	at sun.reflect.NativeConstructorAccessorImpl.newInstance0(Native Method)
	at sun.reflect.NativeConstructorAccessorImpl.newInstance(NativeConstructorAccessorImpl.java:62)
	at sun.reflect.DelegatingConstructorAccessorImpl.newInstance(DelegatingConstructorAccessorImpl.java:45)
	at java.lang.reflect.Constructor.newInstance(Constructor.java:422)
	at org.openqa.selenium.remote.W3CHandshakeResponse.lambda$errorHandler$0(W3CHandshakeResponse.java:62)
	at org.openqa.selenium.remote.HandshakeResponse.lambda$getResponseFunction$0(HandshakeResponse.java:30)
	at org.openqa.selenium.remote.ProtocolHandshake.lambda$createSession$0(ProtocolHandshake.java:126)
	at java.util.stream.ReferencePipeline$3$1.accept(ReferencePipeline.java:193)
	at java.util.Spliterators$ArraySpliterator.tryAdvance(Spliterators.java:958)
	at java.util.stream.ReferencePipeline.forEachWithCancel(ReferencePipeline.java:126)
	at java.util.stream.AbstractPipeline.copyIntoWithCancel(AbstractPipeline.java:498)
	at java.util.stream.AbstractPipeline.copyInto(AbstractPipeline.java:485)
	at java.util.stream.AbstractPipeline.wrapAndCopyInto(AbstractPipeline.java:471)
	at java.util.stream.FindOps$FindOp.evaluateSequential(FindOps.java:152)
	at java.util.stream.AbstractPipeline.evaluate(AbstractPipeline.java:234)
	at java.util.stream.ReferencePipeline.findFirst(ReferencePipeline.java:464)
	at org.openqa.selenium.remote.ProtocolHandshake.createSession(ProtocolHandshake.java:128)
	at org.openqa.selenium.remote.ProtocolHandshake.createSession(ProtocolHandshake.java:74)
	at org.openqa.selenium.remote.HttpCommandExecutor.execute(HttpCommandExecutor.java:136)
	at org.openqa.selenium.remote.service.DriverCommandExecutor.execute(DriverCommandExecutor.java:83)
	at org.openqa.selenium.remote.RemoteWebDriver.execute(RemoteWebDriver.java:552)
	at org.openqa.selenium.remote.RemoteWebDriver.startSession(RemoteWebDriver.java:213)
	at org.openqa.selenium.remote.RemoteWebDriver.<init>(RemoteWebDriver.java:131)
	at org.openqa.selenium.chrome.ChromeDriver.<init>(ChromeDriver.java:181)
	at org.openqa.selenium.chrome.ChromeDriver.<init>(ChromeDriver.java:168)
	at org.openqa.selenium.chrome.ChromeDriver.<init>(ChromeDriver.java:123)
	at hw2.TestForExercise1.createDriver(TestForExercise1.java:17)
	at sun.reflect.NativeMethodAccessorImpl.invoke0(Native Method)
	at sun.reflect.NativeMethodAccessorImpl.invoke(NativeMethodAccessorImpl.java:62)
	at sun.reflect.DelegatingMethodAccessorImpl.invoke(DelegatingMethodAccessorImpl.java:43)
	at java.lang.reflect.Method.invoke(Method.java:497)
	at org.testng.internal.MethodInvocationHelper.invokeMethod(MethodInvocationHelper.java:80)
	at org.testng.internal.Invoker.invokeConfigurationMethod(Invoker.java:564)
	at org.testng.internal.Invoker.invokeConfigurations(Invoker.java:213)
	at org.testng.internal.Invoker.invokeConfigurations(Invoker.java:138)
	at org.testng.TestRunner.beforeRun(TestRunner.java:641)
	at org.testng.TestRunner.run(TestRunner.java:609)
	at org.testng.SuiteRunner.runTest(SuiteRunner.java:334)
	at org.testng.SuiteRunner.runSequentially(SuiteRunner.java:329)
	at org.testng.SuiteRunner.privateRun(SuiteRunner.java:291)
	at org.testng.SuiteRunner.run(SuiteRunner.java:240)
	at org.testng.SuiteRunnerWorker.runSuite(SuiteRunnerWorker.java:52)
	at org.testng.SuiteRunnerWorker.run(SuiteRunnerWorker.java:86)
	at org.testng.TestNG.runSuitesSequentially(TestNG.java:1198)
	at org.testng.TestNG.runSuitesLocally(TestNG.java:1123)
	at org.testng.TestNG.run(TestNG.java:1031)
	at org.apache.maven.surefire.testng.TestNGExecutor.run(TestNGExecutor.java:135)
	at org.apache.maven.surefire.testng.TestNGDirectoryTestSuite.executeMulti(TestNGDirectoryTestSuite.java:193)
	at org.apache.maven.surefire.testng.TestNGDirectoryTestSuite.execute(TestNGDirectoryTestSuite.java:94)
	at org.apache.maven.surefire.testng.TestNGProvider.invoke(TestNGProvider.java:146)
	at org.apache.maven.surefire.booter.ForkedBooter.invokeProviderInSameClassLoader(ForkedBooter.java:384)
	at org.apache.maven.surefire.booter.ForkedBooter.runSuitesInProcess(ForkedBooter.java:345)
	at org.apache.maven.surefire.booter.ForkedBooter.execute(ForkedBooter.java:126)
	at org.apache.maven.surefire.booter.ForkedBooter.main(ForkedBooter.java:418)
]]>
    </failure>
  </testcase> <!-- SubtractingDoubleNegativeMakesAPositive -->
  <testcase name="SubtractingLongNegativeMakesAPositive" time="0.000" classname="hw1.TestSubtractionReturnsCorrectResults">
    <failure type="org.openqa.selenium.SessionNotCreatedException" message="session not created: This version of ChromeDriver only supports Chrome version 76
Build info: version: &#039;3.141.59&#039;, revision: &#039;e82be7d358&#039;, time: &#039;2018-11-14T08:17:03&#039;
System info: host: &#039;EPRUPETW6152&#039;, ip: &#039;192.168.56.1&#039;, os.name: &#039;Windows 8.1&#039;, os.arch: &#039;amd64&#039;, os.version: &#039;6.3&#039;, java.version: &#039;1.8.0_71&#039;
Driver info: driver.version: ChromeDriver
remote stacktrace: Backtrace:
	Ordinal0 [0x00C57B13+1473299]
	Ordinal0 [0x00BDAC61+961633]
	Ordinal0 [0x00B641A3+475555]
	Ordinal0 [0x00AFF365+62309]
	Ordinal0 [0x00AFBC77+48247]
	Ordinal0 [0x00B18FD9+167897]
	Ordinal0 [0x00B18BAD+166829]
	Ordinal0 [0x00B172BB+160443]
	Ordinal0 [0x00B00AE6+68326]
	Ordinal0 [0x00B01A80+72320]
	Ordinal0 [0x00B01A19+72217]
	Ordinal0 [0x00BF4A27+1067559]
	GetHandleVerifier [0x00CF66F5+506677]
	GetHandleVerifier [0x00CF6490+506064]
	GetHandleVerifier [0x00CFD038+533624]
	GetHandleVerifier [0x00CF6ECA+508682]
	Ordinal0 [0x00BEC116+1032470]
	Ordinal0 [0x00BEBF8F+1032079]
	Ordinal0 [0x00BF693B+1075515]
	Ordinal0 [0x00BF6AA3+1075875]
	Ordinal0 [0x00BF5A55+1071701]
	BaseThreadInitThunk [0x769E6A14+36]
	RtlInitializeExceptionChain [0x7707AD8F+143]
	RtlInitializeExceptionChain [0x7707AD5A+90]
">
      <![CDATA[org.openqa.selenium.SessionNotCreatedException: session not created: This version of ChromeDriver only supports Chrome version 76
Build info: version: '3.141.59', revision: 'e82be7d358', time: '2018-11-14T08:17:03'
System info: host: 'EPRUPETW6152', ip: '192.168.56.1', os.name: 'Windows 8.1', os.arch: 'amd64', os.version: '6.3', java.version: '1.8.0_71'
Driver info: driver.version: ChromeDriver
remote stacktrace: Backtrace:
	Ordinal0 [0x00C57B13+1473299]
	Ordinal0 [0x00BDAC61+961633]
	Ordinal0 [0x00B641A3+475555]
	Ordinal0 [0x00AFF365+62309]
	Ordinal0 [0x00AFBC77+48247]
	Ordinal0 [0x00B18FD9+167897]
	Ordinal0 [0x00B18BAD+166829]
	Ordinal0 [0x00B172BB+160443]
	Ordinal0 [0x00B00AE6+68326]
	Ordinal0 [0x00B01A80+72320]
	Ordinal0 [0x00B01A19+72217]
	Ordinal0 [0x00BF4A27+1067559]
	GetHandleVerifier [0x00CF66F5+506677]
	GetHandleVerifier [0x00CF6490+506064]
	GetHandleVerifier [0x00CFD038+533624]
	GetHandleVerifier [0x00CF6ECA+508682]
	Ordinal0 [0x00BEC116+1032470]
	Ordinal0 [0x00BEBF8F+1032079]
	Ordinal0 [0x00BF693B+1075515]
	Ordinal0 [0x00BF6AA3+1075875]
	Ordinal0 [0x00BF5A55+1071701]
	BaseThreadInitThunk [0x769E6A14+36]
	RtlInitializeExceptionChain [0x7707AD8F+143]
	RtlInitializeExceptionChain [0x7707AD5A+90]

	at sun.reflect.NativeConstructorAccessorImpl.newInstance0(Native Method)
	at sun.reflect.NativeConstructorAccessorImpl.newInstance(NativeConstructorAccessorImpl.java:62)
	at sun.reflect.DelegatingConstructorAccessorImpl.newInstance(DelegatingConstructorAccessorImpl.java:45)
	at java.lang.reflect.Constructor.newInstance(Constructor.java:422)
	at org.openqa.selenium.remote.W3CHandshakeResponse.lambda$errorHandler$0(W3CHandshakeResponse.java:62)
	at org.openqa.selenium.remote.HandshakeResponse.lambda$getResponseFunction$0(HandshakeResponse.java:30)
	at org.openqa.selenium.remote.ProtocolHandshake.lambda$createSession$0(ProtocolHandshake.java:126)
	at java.util.stream.ReferencePipeline$3$1.accept(ReferencePipeline.java:193)
	at java.util.Spliterators$ArraySpliterator.tryAdvance(Spliterators.java:958)
	at java.util.stream.ReferencePipeline.forEachWithCancel(ReferencePipeline.java:126)
	at java.util.stream.AbstractPipeline.copyIntoWithCancel(AbstractPipeline.java:498)
	at java.util.stream.AbstractPipeline.copyInto(AbstractPipeline.java:485)
	at java.util.stream.AbstractPipeline.wrapAndCopyInto(AbstractPipeline.java:471)
	at java.util.stream.FindOps$FindOp.evaluateSequential(FindOps.java:152)
	at java.util.stream.AbstractPipeline.evaluate(AbstractPipeline.java:234)
	at java.util.stream.ReferencePipeline.findFirst(ReferencePipeline.java:464)
	at org.openqa.selenium.remote.ProtocolHandshake.createSession(ProtocolHandshake.java:128)
	at org.openqa.selenium.remote.ProtocolHandshake.createSession(ProtocolHandshake.java:74)
	at org.openqa.selenium.remote.HttpCommandExecutor.execute(HttpCommandExecutor.java:136)
	at org.openqa.selenium.remote.service.DriverCommandExecutor.execute(DriverCommandExecutor.java:83)
	at org.openqa.selenium.remote.RemoteWebDriver.execute(RemoteWebDriver.java:552)
	at org.openqa.selenium.remote.RemoteWebDriver.startSession(RemoteWebDriver.java:213)
	at org.openqa.selenium.remote.RemoteWebDriver.<init>(RemoteWebDriver.java:131)
	at org.openqa.selenium.chrome.ChromeDriver.<init>(ChromeDriver.java:181)
	at org.openqa.selenium.chrome.ChromeDriver.<init>(ChromeDriver.java:168)
	at org.openqa.selenium.chrome.ChromeDriver.<init>(ChromeDriver.java:123)
	at hw2.TestForExercise1.createDriver(TestForExercise1.java:17)
	at sun.reflect.NativeMethodAccessorImpl.invoke0(Native Method)
	at sun.reflect.NativeMethodAccessorImpl.invoke(NativeMethodAccessorImpl.java:62)
	at sun.reflect.DelegatingMethodAccessorImpl.invoke(DelegatingMethodAccessorImpl.java:43)
	at java.lang.reflect.Method.invoke(Method.java:497)
	at org.testng.internal.MethodInvocationHelper.invokeMethod(MethodInvocationHelper.java:80)
	at org.testng.internal.Invoker.invokeConfigurationMethod(Invoker.java:564)
	at org.testng.internal.Invoker.invokeConfigurations(Invoker.java:213)
	at org.testng.internal.Invoker.invokeConfigurations(Invoker.java:138)
	at org.testng.TestRunner.beforeRun(TestRunner.java:641)
	at org.testng.TestRunner.run(TestRunner.java:609)
	at org.testng.SuiteRunner.runTest(SuiteRunner.java:334)
	at org.testng.SuiteRunner.runSequentially(SuiteRunner.java:329)
	at org.testng.SuiteRunner.privateRun(SuiteRunner.java:291)
	at org.testng.SuiteRunner.run(SuiteRunner.java:240)
	at org.testng.SuiteRunnerWorker.runSuite(SuiteRunnerWorker.java:52)
	at org.testng.SuiteRunnerWorker.run(SuiteRunnerWorker.java:86)
	at org.testng.TestNG.runSuitesSequentially(TestNG.java:1198)
	at org.testng.TestNG.runSuitesLocally(TestNG.java:1123)
	at org.testng.TestNG.run(TestNG.java:1031)
	at org.apache.maven.surefire.testng.TestNGExecutor.run(TestNGExecutor.java:135)
	at org.apache.maven.surefire.testng.TestNGDirectoryTestSuite.executeMulti(TestNGDirectoryTestSuite.java:193)
	at org.apache.maven.surefire.testng.TestNGDirectoryTestSuite.execute(TestNGDirectoryTestSuite.java:94)
	at org.apache.maven.surefire.testng.TestNGProvider.invoke(TestNGProvider.java:146)
	at org.apache.maven.surefire.booter.ForkedBooter.invokeProviderInSameClassLoader(ForkedBooter.java:384)
	at org.apache.maven.surefire.booter.ForkedBooter.runSuitesInProcess(ForkedBooter.java:345)
	at org.apache.maven.surefire.booter.ForkedBooter.execute(ForkedBooter.java:126)
	at org.apache.maven.surefire.booter.ForkedBooter.main(ForkedBooter.java:418)
]]>
    </failure>
  </testcase> <!-- SubtractingLongNegativeMakesAPositive -->
  <testcase name="SubtractingZeroFromALongValueDoesNotChangeResult" time="0.000" classname="hw1.TestSubtractionReturnsCorrectResults">
    <failure type="org.openqa.selenium.SessionNotCreatedException" message="session not created: This version of ChromeDriver only supports Chrome version 76
Build info: version: &#039;3.141.59&#039;, revision: &#039;e82be7d358&#039;, time: &#039;2018-11-14T08:17:03&#039;
System info: host: &#039;EPRUPETW6152&#039;, ip: &#039;192.168.56.1&#039;, os.name: &#039;Windows 8.1&#039;, os.arch: &#039;amd64&#039;, os.version: &#039;6.3&#039;, java.version: &#039;1.8.0_71&#039;
Driver info: driver.version: ChromeDriver
remote stacktrace: Backtrace:
	Ordinal0 [0x00C57B13+1473299]
	Ordinal0 [0x00BDAC61+961633]
	Ordinal0 [0x00B641A3+475555]
	Ordinal0 [0x00AFF365+62309]
	Ordinal0 [0x00AFBC77+48247]
	Ordinal0 [0x00B18FD9+167897]
	Ordinal0 [0x00B18BAD+166829]
	Ordinal0 [0x00B172BB+160443]
	Ordinal0 [0x00B00AE6+68326]
	Ordinal0 [0x00B01A80+72320]
	Ordinal0 [0x00B01A19+72217]
	Ordinal0 [0x00BF4A27+1067559]
	GetHandleVerifier [0x00CF66F5+506677]
	GetHandleVerifier [0x00CF6490+506064]
	GetHandleVerifier [0x00CFD038+533624]
	GetHandleVerifier [0x00CF6ECA+508682]
	Ordinal0 [0x00BEC116+1032470]
	Ordinal0 [0x00BEBF8F+1032079]
	Ordinal0 [0x00BF693B+1075515]
	Ordinal0 [0x00BF6AA3+1075875]
	Ordinal0 [0x00BF5A55+1071701]
	BaseThreadInitThunk [0x769E6A14+36]
	RtlInitializeExceptionChain [0x7707AD8F+143]
	RtlInitializeExceptionChain [0x7707AD5A+90]
">
      <![CDATA[org.openqa.selenium.SessionNotCreatedException: session not created: This version of ChromeDriver only supports Chrome version 76
Build info: version: '3.141.59', revision: 'e82be7d358', time: '2018-11-14T08:17:03'
System info: host: 'EPRUPETW6152', ip: '192.168.56.1', os.name: 'Windows 8.1', os.arch: 'amd64', os.version: '6.3', java.version: '1.8.0_71'
Driver info: driver.version: ChromeDriver
remote stacktrace: Backtrace:
	Ordinal0 [0x00C57B13+1473299]
	Ordinal0 [0x00BDAC61+961633]
	Ordinal0 [0x00B641A3+475555]
	Ordinal0 [0x00AFF365+62309]
	Ordinal0 [0x00AFBC77+48247]
	Ordinal0 [0x00B18FD9+167897]
	Ordinal0 [0x00B18BAD+166829]
	Ordinal0 [0x00B172BB+160443]
	Ordinal0 [0x00B00AE6+68326]
	Ordinal0 [0x00B01A80+72320]
	Ordinal0 [0x00B01A19+72217]
	Ordinal0 [0x00BF4A27+1067559]
	GetHandleVerifier [0x00CF66F5+506677]
	GetHandleVerifier [0x00CF6490+506064]
	GetHandleVerifier [0x00CFD038+533624]
	GetHandleVerifier [0x00CF6ECA+508682]
	Ordinal0 [0x00BEC116+1032470]
	Ordinal0 [0x00BEBF8F+1032079]
	Ordinal0 [0x00BF693B+1075515]
	Ordinal0 [0x00BF6AA3+1075875]
	Ordinal0 [0x00BF5A55+1071701]
	BaseThreadInitThunk [0x769E6A14+36]
	RtlInitializeExceptionChain [0x7707AD8F+143]
	RtlInitializeExceptionChain [0x7707AD5A+90]

	at sun.reflect.NativeConstructorAccessorImpl.newInstance0(Native Method)
	at sun.reflect.NativeConstructorAccessorImpl.newInstance(NativeConstructorAccessorImpl.java:62)
	at sun.reflect.DelegatingConstructorAccessorImpl.newInstance(DelegatingConstructorAccessorImpl.java:45)
	at java.lang.reflect.Constructor.newInstance(Constructor.java:422)
	at org.openqa.selenium.remote.W3CHandshakeResponse.lambda$errorHandler$0(W3CHandshakeResponse.java:62)
	at org.openqa.selenium.remote.HandshakeResponse.lambda$getResponseFunction$0(HandshakeResponse.java:30)
	at org.openqa.selenium.remote.ProtocolHandshake.lambda$createSession$0(ProtocolHandshake.java:126)
	at java.util.stream.ReferencePipeline$3$1.accept(ReferencePipeline.java:193)
	at java.util.Spliterators$ArraySpliterator.tryAdvance(Spliterators.java:958)
	at java.util.stream.ReferencePipeline.forEachWithCancel(ReferencePipeline.java:126)
	at java.util.stream.AbstractPipeline.copyIntoWithCancel(AbstractPipeline.java:498)
	at java.util.stream.AbstractPipeline.copyInto(AbstractPipeline.java:485)
	at java.util.stream.AbstractPipeline.wrapAndCopyInto(AbstractPipeline.java:471)
	at java.util.stream.FindOps$FindOp.evaluateSequential(FindOps.java:152)
	at java.util.stream.AbstractPipeline.evaluate(AbstractPipeline.java:234)
	at java.util.stream.ReferencePipeline.findFirst(ReferencePipeline.java:464)
	at org.openqa.selenium.remote.ProtocolHandshake.createSession(ProtocolHandshake.java:128)
	at org.openqa.selenium.remote.ProtocolHandshake.createSession(ProtocolHandshake.java:74)
	at org.openqa.selenium.remote.HttpCommandExecutor.execute(HttpCommandExecutor.java:136)
	at org.openqa.selenium.remote.service.DriverCommandExecutor.execute(DriverCommandExecutor.java:83)
	at org.openqa.selenium.remote.RemoteWebDriver.execute(RemoteWebDriver.java:552)
	at org.openqa.selenium.remote.RemoteWebDriver.startSession(RemoteWebDriver.java:213)
	at org.openqa.selenium.remote.RemoteWebDriver.<init>(RemoteWebDriver.java:131)
	at org.openqa.selenium.chrome.ChromeDriver.<init>(ChromeDriver.java:181)
	at org.openqa.selenium.chrome.ChromeDriver.<init>(ChromeDriver.java:168)
	at org.openqa.selenium.chrome.ChromeDriver.<init>(ChromeDriver.java:123)
	at hw2.TestForExercise1.createDriver(TestForExercise1.java:17)
	at sun.reflect.NativeMethodAccessorImpl.invoke0(Native Method)
	at sun.reflect.NativeMethodAccessorImpl.invoke(NativeMethodAccessorImpl.java:62)
	at sun.reflect.DelegatingMethodAccessorImpl.invoke(DelegatingMethodAccessorImpl.java:43)
	at java.lang.reflect.Method.invoke(Method.java:497)
	at org.testng.internal.MethodInvocationHelper.invokeMethod(MethodInvocationHelper.java:80)
	at org.testng.internal.Invoker.invokeConfigurationMethod(Invoker.java:564)
	at org.testng.internal.Invoker.invokeConfigurations(Invoker.java:213)
	at org.testng.internal.Invoker.invokeConfigurations(Invoker.java:138)
	at org.testng.TestRunner.beforeRun(TestRunner.java:641)
	at org.testng.TestRunner.run(TestRunner.java:609)
	at org.testng.SuiteRunner.runTest(SuiteRunner.java:334)
	at org.testng.SuiteRunner.runSequentially(SuiteRunner.java:329)
	at org.testng.SuiteRunner.privateRun(SuiteRunner.java:291)
	at org.testng.SuiteRunner.run(SuiteRunner.java:240)
	at org.testng.SuiteRunnerWorker.runSuite(SuiteRunnerWorker.java:52)
	at org.testng.SuiteRunnerWorker.run(SuiteRunnerWorker.java:86)
	at org.testng.TestNG.runSuitesSequentially(TestNG.java:1198)
	at org.testng.TestNG.runSuitesLocally(TestNG.java:1123)
	at org.testng.TestNG.run(TestNG.java:1031)
	at org.apache.maven.surefire.testng.TestNGExecutor.run(TestNGExecutor.java:135)
	at org.apache.maven.surefire.testng.TestNGDirectoryTestSuite.executeMulti(TestNGDirectoryTestSuite.java:193)
	at org.apache.maven.surefire.testng.TestNGDirectoryTestSuite.execute(TestNGDirectoryTestSuite.java:94)
	at org.apache.maven.surefire.testng.TestNGProvider.invoke(TestNGProvider.java:146)
	at org.apache.maven.surefire.booter.ForkedBooter.invokeProviderInSameClassLoader(ForkedBooter.java:384)
	at org.apache.maven.surefire.booter.ForkedBooter.runSuitesInProcess(ForkedBooter.java:345)
	at org.apache.maven.surefire.booter.ForkedBooter.execute(ForkedBooter.java:126)
	at org.apache.maven.surefire.booter.ForkedBooter.main(ForkedBooter.java:418)
]]>
    </failure>
  </testcase> <!-- SubtractingZeroFromALongValueDoesNotChangeResult -->
  <testcase name="SubtractionLongValuesReturnsCorrectResult" time="0.000" classname="hw1.TestSubtractionReturnsCorrectResults">
    <failure type="org.openqa.selenium.SessionNotCreatedException" message="session not created: This version of ChromeDriver only supports Chrome version 76
Build info: version: &#039;3.141.59&#039;, revision: &#039;e82be7d358&#039;, time: &#039;2018-11-14T08:17:03&#039;
System info: host: &#039;EPRUPETW6152&#039;, ip: &#039;192.168.56.1&#039;, os.name: &#039;Windows 8.1&#039;, os.arch: &#039;amd64&#039;, os.version: &#039;6.3&#039;, java.version: &#039;1.8.0_71&#039;
Driver info: driver.version: ChromeDriver
remote stacktrace: Backtrace:
	Ordinal0 [0x00C57B13+1473299]
	Ordinal0 [0x00BDAC61+961633]
	Ordinal0 [0x00B641A3+475555]
	Ordinal0 [0x00AFF365+62309]
	Ordinal0 [0x00AFBC77+48247]
	Ordinal0 [0x00B18FD9+167897]
	Ordinal0 [0x00B18BAD+166829]
	Ordinal0 [0x00B172BB+160443]
	Ordinal0 [0x00B00AE6+68326]
	Ordinal0 [0x00B01A80+72320]
	Ordinal0 [0x00B01A19+72217]
	Ordinal0 [0x00BF4A27+1067559]
	GetHandleVerifier [0x00CF66F5+506677]
	GetHandleVerifier [0x00CF6490+506064]
	GetHandleVerifier [0x00CFD038+533624]
	GetHandleVerifier [0x00CF6ECA+508682]
	Ordinal0 [0x00BEC116+1032470]
	Ordinal0 [0x00BEBF8F+1032079]
	Ordinal0 [0x00BF693B+1075515]
	Ordinal0 [0x00BF6AA3+1075875]
	Ordinal0 [0x00BF5A55+1071701]
	BaseThreadInitThunk [0x769E6A14+36]
	RtlInitializeExceptionChain [0x7707AD8F+143]
	RtlInitializeExceptionChain [0x7707AD5A+90]
">
      <![CDATA[org.openqa.selenium.SessionNotCreatedException: session not created: This version of ChromeDriver only supports Chrome version 76
Build info: version: '3.141.59', revision: 'e82be7d358', time: '2018-11-14T08:17:03'
System info: host: 'EPRUPETW6152', ip: '192.168.56.1', os.name: 'Windows 8.1', os.arch: 'amd64', os.version: '6.3', java.version: '1.8.0_71'
Driver info: driver.version: ChromeDriver
remote stacktrace: Backtrace:
	Ordinal0 [0x00C57B13+1473299]
	Ordinal0 [0x00BDAC61+961633]
	Ordinal0 [0x00B641A3+475555]
	Ordinal0 [0x00AFF365+62309]
	Ordinal0 [0x00AFBC77+48247]
	Ordinal0 [0x00B18FD9+167897]
	Ordinal0 [0x00B18BAD+166829]
	Ordinal0 [0x00B172BB+160443]
	Ordinal0 [0x00B00AE6+68326]
	Ordinal0 [0x00B01A80+72320]
	Ordinal0 [0x00B01A19+72217]
	Ordinal0 [0x00BF4A27+1067559]
	GetHandleVerifier [0x00CF66F5+506677]
	GetHandleVerifier [0x00CF6490+506064]
	GetHandleVerifier [0x00CFD038+533624]
	GetHandleVerifier [0x00CF6ECA+508682]
	Ordinal0 [0x00BEC116+1032470]
	Ordinal0 [0x00BEBF8F+1032079]
	Ordinal0 [0x00BF693B+1075515]
	Ordinal0 [0x00BF6AA3+1075875]
	Ordinal0 [0x00BF5A55+1071701]
	BaseThreadInitThunk [0x769E6A14+36]
	RtlInitializeExceptionChain [0x7707AD8F+143]
	RtlInitializeExceptionChain [0x7707AD5A+90]

	at sun.reflect.NativeConstructorAccessorImpl.newInstance0(Native Method)
	at sun.reflect.NativeConstructorAccessorImpl.newInstance(NativeConstructorAccessorImpl.java:62)
	at sun.reflect.DelegatingConstructorAccessorImpl.newInstance(DelegatingConstructorAccessorImpl.java:45)
	at java.lang.reflect.Constructor.newInstance(Constructor.java:422)
	at org.openqa.selenium.remote.W3CHandshakeResponse.lambda$errorHandler$0(W3CHandshakeResponse.java:62)
	at org.openqa.selenium.remote.HandshakeResponse.lambda$getResponseFunction$0(HandshakeResponse.java:30)
	at org.openqa.selenium.remote.ProtocolHandshake.lambda$createSession$0(ProtocolHandshake.java:126)
	at java.util.stream.ReferencePipeline$3$1.accept(ReferencePipeline.java:193)
	at java.util.Spliterators$ArraySpliterator.tryAdvance(Spliterators.java:958)
	at java.util.stream.ReferencePipeline.forEachWithCancel(ReferencePipeline.java:126)
	at java.util.stream.AbstractPipeline.copyIntoWithCancel(AbstractPipeline.java:498)
	at java.util.stream.AbstractPipeline.copyInto(AbstractPipeline.java:485)
	at java.util.stream.AbstractPipeline.wrapAndCopyInto(AbstractPipeline.java:471)
	at java.util.stream.FindOps$FindOp.evaluateSequential(FindOps.java:152)
	at java.util.stream.AbstractPipeline.evaluate(AbstractPipeline.java:234)
	at java.util.stream.ReferencePipeline.findFirst(ReferencePipeline.java:464)
	at org.openqa.selenium.remote.ProtocolHandshake.createSession(ProtocolHandshake.java:128)
	at org.openqa.selenium.remote.ProtocolHandshake.createSession(ProtocolHandshake.java:74)
	at org.openqa.selenium.remote.HttpCommandExecutor.execute(HttpCommandExecutor.java:136)
	at org.openqa.selenium.remote.service.DriverCommandExecutor.execute(DriverCommandExecutor.java:83)
	at org.openqa.selenium.remote.RemoteWebDriver.execute(RemoteWebDriver.java:552)
	at org.openqa.selenium.remote.RemoteWebDriver.startSession(RemoteWebDriver.java:213)
	at org.openqa.selenium.remote.RemoteWebDriver.<init>(RemoteWebDriver.java:131)
	at org.openqa.selenium.chrome.ChromeDriver.<init>(ChromeDriver.java:181)
	at org.openqa.selenium.chrome.ChromeDriver.<init>(ChromeDriver.java:168)
	at org.openqa.selenium.chrome.ChromeDriver.<init>(ChromeDriver.java:123)
	at hw2.TestForExercise1.createDriver(TestForExercise1.java:17)
	at sun.reflect.NativeMethodAccessorImpl.invoke0(Native Method)
	at sun.reflect.NativeMethodAccessorImpl.invoke(NativeMethodAccessorImpl.java:62)
	at sun.reflect.DelegatingMethodAccessorImpl.invoke(DelegatingMethodAccessorImpl.java:43)
	at java.lang.reflect.Method.invoke(Method.java:497)
	at org.testng.internal.MethodInvocationHelper.invokeMethod(MethodInvocationHelper.java:80)
	at org.testng.internal.Invoker.invokeConfigurationMethod(Invoker.java:564)
	at org.testng.internal.Invoker.invokeConfigurations(Invoker.java:213)
	at org.testng.internal.Invoker.invokeConfigurations(Invoker.java:138)
	at org.testng.TestRunner.beforeRun(TestRunner.java:641)
	at org.testng.TestRunner.run(TestRunner.java:609)
	at org.testng.SuiteRunner.runTest(SuiteRunner.java:334)
	at org.testng.SuiteRunner.runSequentially(SuiteRunner.java:329)
	at org.testng.SuiteRunner.privateRun(SuiteRunner.java:291)
	at org.testng.SuiteRunner.run(SuiteRunner.java:240)
	at org.testng.SuiteRunnerWorker.runSuite(SuiteRunnerWorker.java:52)
	at org.testng.SuiteRunnerWorker.run(SuiteRunnerWorker.java:86)
	at org.testng.TestNG.runSuitesSequentially(TestNG.java:1198)
	at org.testng.TestNG.runSuitesLocally(TestNG.java:1123)
	at org.testng.TestNG.run(TestNG.java:1031)
	at org.apache.maven.surefire.testng.TestNGExecutor.run(TestNGExecutor.java:135)
	at org.apache.maven.surefire.testng.TestNGDirectoryTestSuite.executeMulti(TestNGDirectoryTestSuite.java:193)
	at org.apache.maven.surefire.testng.TestNGDirectoryTestSuite.execute(TestNGDirectoryTestSuite.java:94)
	at org.apache.maven.surefire.testng.TestNGProvider.invoke(TestNGProvider.java:146)
	at org.apache.maven.surefire.booter.ForkedBooter.invokeProviderInSameClassLoader(ForkedBooter.java:384)
	at org.apache.maven.surefire.booter.ForkedBooter.runSuitesInProcess(ForkedBooter.java:345)
	at org.apache.maven.surefire.booter.ForkedBooter.execute(ForkedBooter.java:126)
	at org.apache.maven.surefire.booter.ForkedBooter.main(ForkedBooter.java:418)
]]>
    </failure>
  </testcase> <!-- SubtractionLongValuesReturnsCorrectResult -->
  <testcase name="SubtractingDoubleValuesReturnsCorrectResults" time="0.000" classname="hw1.TestSubtractionReturnsCorrectResults">
    <failure type="org.openqa.selenium.SessionNotCreatedException" message="session not created: This version of ChromeDriver only supports Chrome version 76
Build info: version: &#039;3.141.59&#039;, revision: &#039;e82be7d358&#039;, time: &#039;2018-11-14T08:17:03&#039;
System info: host: &#039;EPRUPETW6152&#039;, ip: &#039;192.168.56.1&#039;, os.name: &#039;Windows 8.1&#039;, os.arch: &#039;amd64&#039;, os.version: &#039;6.3&#039;, java.version: &#039;1.8.0_71&#039;
Driver info: driver.version: ChromeDriver
remote stacktrace: Backtrace:
	Ordinal0 [0x00C57B13+1473299]
	Ordinal0 [0x00BDAC61+961633]
	Ordinal0 [0x00B641A3+475555]
	Ordinal0 [0x00AFF365+62309]
	Ordinal0 [0x00AFBC77+48247]
	Ordinal0 [0x00B18FD9+167897]
	Ordinal0 [0x00B18BAD+166829]
	Ordinal0 [0x00B172BB+160443]
	Ordinal0 [0x00B00AE6+68326]
	Ordinal0 [0x00B01A80+72320]
	Ordinal0 [0x00B01A19+72217]
	Ordinal0 [0x00BF4A27+1067559]
	GetHandleVerifier [0x00CF66F5+506677]
	GetHandleVerifier [0x00CF6490+506064]
	GetHandleVerifier [0x00CFD038+533624]
	GetHandleVerifier [0x00CF6ECA+508682]
	Ordinal0 [0x00BEC116+1032470]
	Ordinal0 [0x00BEBF8F+1032079]
	Ordinal0 [0x00BF693B+1075515]
	Ordinal0 [0x00BF6AA3+1075875]
	Ordinal0 [0x00BF5A55+1071701]
	BaseThreadInitThunk [0x769E6A14+36]
	RtlInitializeExceptionChain [0x7707AD8F+143]
	RtlInitializeExceptionChain [0x7707AD5A+90]
">
      <![CDATA[org.openqa.selenium.SessionNotCreatedException: session not created: This version of ChromeDriver only supports Chrome version 76
Build info: version: '3.141.59', revision: 'e82be7d358', time: '2018-11-14T08:17:03'
System info: host: 'EPRUPETW6152', ip: '192.168.56.1', os.name: 'Windows 8.1', os.arch: 'amd64', os.version: '6.3', java.version: '1.8.0_71'
Driver info: driver.version: ChromeDriver
remote stacktrace: Backtrace:
	Ordinal0 [0x00C57B13+1473299]
	Ordinal0 [0x00BDAC61+961633]
	Ordinal0 [0x00B641A3+475555]
	Ordinal0 [0x00AFF365+62309]
	Ordinal0 [0x00AFBC77+48247]
	Ordinal0 [0x00B18FD9+167897]
	Ordinal0 [0x00B18BAD+166829]
	Ordinal0 [0x00B172BB+160443]
	Ordinal0 [0x00B00AE6+68326]
	Ordinal0 [0x00B01A80+72320]
	Ordinal0 [0x00B01A19+72217]
	Ordinal0 [0x00BF4A27+1067559]
	GetHandleVerifier [0x00CF66F5+506677]
	GetHandleVerifier [0x00CF6490+506064]
	GetHandleVerifier [0x00CFD038+533624]
	GetHandleVerifier [0x00CF6ECA+508682]
	Ordinal0 [0x00BEC116+1032470]
	Ordinal0 [0x00BEBF8F+1032079]
	Ordinal0 [0x00BF693B+1075515]
	Ordinal0 [0x00BF6AA3+1075875]
	Ordinal0 [0x00BF5A55+1071701]
	BaseThreadInitThunk [0x769E6A14+36]
	RtlInitializeExceptionChain [0x7707AD8F+143]
	RtlInitializeExceptionChain [0x7707AD5A+90]

	at sun.reflect.NativeConstructorAccessorImpl.newInstance0(Native Method)
	at sun.reflect.NativeConstructorAccessorImpl.newInstance(NativeConstructorAccessorImpl.java:62)
	at sun.reflect.DelegatingConstructorAccessorImpl.newInstance(DelegatingConstructorAccessorImpl.java:45)
	at java.lang.reflect.Constructor.newInstance(Constructor.java:422)
	at org.openqa.selenium.remote.W3CHandshakeResponse.lambda$errorHandler$0(W3CHandshakeResponse.java:62)
	at org.openqa.selenium.remote.HandshakeResponse.lambda$getResponseFunction$0(HandshakeResponse.java:30)
	at org.openqa.selenium.remote.ProtocolHandshake.lambda$createSession$0(ProtocolHandshake.java:126)
	at java.util.stream.ReferencePipeline$3$1.accept(ReferencePipeline.java:193)
	at java.util.Spliterators$ArraySpliterator.tryAdvance(Spliterators.java:958)
	at java.util.stream.ReferencePipeline.forEachWithCancel(ReferencePipeline.java:126)
	at java.util.stream.AbstractPipeline.copyIntoWithCancel(AbstractPipeline.java:498)
	at java.util.stream.AbstractPipeline.copyInto(AbstractPipeline.java:485)
	at java.util.stream.AbstractPipeline.wrapAndCopyInto(AbstractPipeline.java:471)
	at java.util.stream.FindOps$FindOp.evaluateSequential(FindOps.java:152)
	at java.util.stream.AbstractPipeline.evaluate(AbstractPipeline.java:234)
	at java.util.stream.ReferencePipeline.findFirst(ReferencePipeline.java:464)
	at org.openqa.selenium.remote.ProtocolHandshake.createSession(ProtocolHandshake.java:128)
	at org.openqa.selenium.remote.ProtocolHandshake.createSession(ProtocolHandshake.java:74)
	at org.openqa.selenium.remote.HttpCommandExecutor.execute(HttpCommandExecutor.java:136)
	at org.openqa.selenium.remote.service.DriverCommandExecutor.execute(DriverCommandExecutor.java:83)
	at org.openqa.selenium.remote.RemoteWebDriver.execute(RemoteWebDriver.java:552)
	at org.openqa.selenium.remote.RemoteWebDriver.startSession(RemoteWebDriver.java:213)
	at org.openqa.selenium.remote.RemoteWebDriver.<init>(RemoteWebDriver.java:131)
	at org.openqa.selenium.chrome.ChromeDriver.<init>(ChromeDriver.java:181)
	at org.openqa.selenium.chrome.ChromeDriver.<init>(ChromeDriver.java:168)
	at org.openqa.selenium.chrome.ChromeDriver.<init>(ChromeDriver.java:123)
	at hw2.TestForExercise1.createDriver(TestForExercise1.java:17)
	at sun.reflect.NativeMethodAccessorImpl.invoke0(Native Method)
	at sun.reflect.NativeMethodAccessorImpl.invoke(NativeMethodAccessorImpl.java:62)
	at sun.reflect.DelegatingMethodAccessorImpl.invoke(DelegatingMethodAccessorImpl.java:43)
	at java.lang.reflect.Method.invoke(Method.java:497)
	at org.testng.internal.MethodInvocationHelper.invokeMethod(MethodInvocationHelper.java:80)
	at org.testng.internal.Invoker.invokeConfigurationMethod(Invoker.java:564)
	at org.testng.internal.Invoker.invokeConfigurations(Invoker.java:213)
	at org.testng.internal.Invoker.invokeConfigurations(Invoker.java:138)
	at org.testng.TestRunner.beforeRun(TestRunner.java:641)
	at org.testng.TestRunner.run(TestRunner.java:609)
	at org.testng.SuiteRunner.runTest(SuiteRunner.java:334)
	at org.testng.SuiteRunner.runSequentially(SuiteRunner.java:329)
	at org.testng.SuiteRunner.privateRun(SuiteRunner.java:291)
	at org.testng.SuiteRunner.run(SuiteRunner.java:240)
	at org.testng.SuiteRunnerWorker.runSuite(SuiteRunnerWorker.java:52)
	at org.testng.SuiteRunnerWorker.run(SuiteRunnerWorker.java:86)
	at org.testng.TestNG.runSuitesSequentially(TestNG.java:1198)
	at org.testng.TestNG.runSuitesLocally(TestNG.java:1123)
	at org.testng.TestNG.run(TestNG.java:1031)
	at org.apache.maven.surefire.testng.TestNGExecutor.run(TestNGExecutor.java:135)
	at org.apache.maven.surefire.testng.TestNGDirectoryTestSuite.executeMulti(TestNGDirectoryTestSuite.java:193)
	at org.apache.maven.surefire.testng.TestNGDirectoryTestSuite.execute(TestNGDirectoryTestSuite.java:94)
	at org.apache.maven.surefire.testng.TestNGProvider.invoke(TestNGProvider.java:146)
	at org.apache.maven.surefire.booter.ForkedBooter.invokeProviderInSameClassLoader(ForkedBooter.java:384)
	at org.apache.maven.surefire.booter.ForkedBooter.runSuitesInProcess(ForkedBooter.java:345)
	at org.apache.maven.surefire.booter.ForkedBooter.execute(ForkedBooter.java:126)
	at org.apache.maven.surefire.booter.ForkedBooter.main(ForkedBooter.java:418)
]]>
    </failure>
  </testcase> <!-- SubtractingDoubleValuesReturnsCorrectResults -->
  <testcase name="SubtractingZeroFromADoubleValueDoesNotChangeResult" time="0.000" classname="hw1.TestSubtractionReturnsCorrectResults">
    <failure type="org.openqa.selenium.SessionNotCreatedException" message="session not created: This version of ChromeDriver only supports Chrome version 76
Build info: version: &#039;3.141.59&#039;, revision: &#039;e82be7d358&#039;, time: &#039;2018-11-14T08:17:03&#039;
System info: host: &#039;EPRUPETW6152&#039;, ip: &#039;192.168.56.1&#039;, os.name: &#039;Windows 8.1&#039;, os.arch: &#039;amd64&#039;, os.version: &#039;6.3&#039;, java.version: &#039;1.8.0_71&#039;
Driver info: driver.version: ChromeDriver
remote stacktrace: Backtrace:
	Ordinal0 [0x00C57B13+1473299]
	Ordinal0 [0x00BDAC61+961633]
	Ordinal0 [0x00B641A3+475555]
	Ordinal0 [0x00AFF365+62309]
	Ordinal0 [0x00AFBC77+48247]
	Ordinal0 [0x00B18FD9+167897]
	Ordinal0 [0x00B18BAD+166829]
	Ordinal0 [0x00B172BB+160443]
	Ordinal0 [0x00B00AE6+68326]
	Ordinal0 [0x00B01A80+72320]
	Ordinal0 [0x00B01A19+72217]
	Ordinal0 [0x00BF4A27+1067559]
	GetHandleVerifier [0x00CF66F5+506677]
	GetHandleVerifier [0x00CF6490+506064]
	GetHandleVerifier [0x00CFD038+533624]
	GetHandleVerifier [0x00CF6ECA+508682]
	Ordinal0 [0x00BEC116+1032470]
	Ordinal0 [0x00BEBF8F+1032079]
	Ordinal0 [0x00BF693B+1075515]
	Ordinal0 [0x00BF6AA3+1075875]
	Ordinal0 [0x00BF5A55+1071701]
	BaseThreadInitThunk [0x769E6A14+36]
	RtlInitializeExceptionChain [0x7707AD8F+143]
	RtlInitializeExceptionChain [0x7707AD5A+90]
">
      <![CDATA[org.openqa.selenium.SessionNotCreatedException: session not created: This version of ChromeDriver only supports Chrome version 76
Build info: version: '3.141.59', revision: 'e82be7d358', time: '2018-11-14T08:17:03'
System info: host: 'EPRUPETW6152', ip: '192.168.56.1', os.name: 'Windows 8.1', os.arch: 'amd64', os.version: '6.3', java.version: '1.8.0_71'
Driver info: driver.version: ChromeDriver
remote stacktrace: Backtrace:
	Ordinal0 [0x00C57B13+1473299]
	Ordinal0 [0x00BDAC61+961633]
	Ordinal0 [0x00B641A3+475555]
	Ordinal0 [0x00AFF365+62309]
	Ordinal0 [0x00AFBC77+48247]
	Ordinal0 [0x00B18FD9+167897]
	Ordinal0 [0x00B18BAD+166829]
	Ordinal0 [0x00B172BB+160443]
	Ordinal0 [0x00B00AE6+68326]
	Ordinal0 [0x00B01A80+72320]
	Ordinal0 [0x00B01A19+72217]
	Ordinal0 [0x00BF4A27+1067559]
	GetHandleVerifier [0x00CF66F5+506677]
	GetHandleVerifier [0x00CF6490+506064]
	GetHandleVerifier [0x00CFD038+533624]
	GetHandleVerifier [0x00CF6ECA+508682]
	Ordinal0 [0x00BEC116+1032470]
	Ordinal0 [0x00BEBF8F+1032079]
	Ordinal0 [0x00BF693B+1075515]
	Ordinal0 [0x00BF6AA3+1075875]
	Ordinal0 [0x00BF5A55+1071701]
	BaseThreadInitThunk [0x769E6A14+36]
	RtlInitializeExceptionChain [0x7707AD8F+143]
	RtlInitializeExceptionChain [0x7707AD5A+90]

	at sun.reflect.NativeConstructorAccessorImpl.newInstance0(Native Method)
	at sun.reflect.NativeConstructorAccessorImpl.newInstance(NativeConstructorAccessorImpl.java:62)
	at sun.reflect.DelegatingConstructorAccessorImpl.newInstance(DelegatingConstructorAccessorImpl.java:45)
	at java.lang.reflect.Constructor.newInstance(Constructor.java:422)
	at org.openqa.selenium.remote.W3CHandshakeResponse.lambda$errorHandler$0(W3CHandshakeResponse.java:62)
	at org.openqa.selenium.remote.HandshakeResponse.lambda$getResponseFunction$0(HandshakeResponse.java:30)
	at org.openqa.selenium.remote.ProtocolHandshake.lambda$createSession$0(ProtocolHandshake.java:126)
	at java.util.stream.ReferencePipeline$3$1.accept(ReferencePipeline.java:193)
	at java.util.Spliterators$ArraySpliterator.tryAdvance(Spliterators.java:958)
	at java.util.stream.ReferencePipeline.forEachWithCancel(ReferencePipeline.java:126)
	at java.util.stream.AbstractPipeline.copyIntoWithCancel(AbstractPipeline.java:498)
	at java.util.stream.AbstractPipeline.copyInto(AbstractPipeline.java:485)
	at java.util.stream.AbstractPipeline.wrapAndCopyInto(AbstractPipeline.java:471)
	at java.util.stream.FindOps$FindOp.evaluateSequential(FindOps.java:152)
	at java.util.stream.AbstractPipeline.evaluate(AbstractPipeline.java:234)
	at java.util.stream.ReferencePipeline.findFirst(ReferencePipeline.java:464)
	at org.openqa.selenium.remote.ProtocolHandshake.createSession(ProtocolHandshake.java:128)
	at org.openqa.selenium.remote.ProtocolHandshake.createSession(ProtocolHandshake.java:74)
	at org.openqa.selenium.remote.HttpCommandExecutor.execute(HttpCommandExecutor.java:136)
	at org.openqa.selenium.remote.service.DriverCommandExecutor.execute(DriverCommandExecutor.java:83)
	at org.openqa.selenium.remote.RemoteWebDriver.execute(RemoteWebDriver.java:552)
	at org.openqa.selenium.remote.RemoteWebDriver.startSession(RemoteWebDriver.java:213)
	at org.openqa.selenium.remote.RemoteWebDriver.<init>(RemoteWebDriver.java:131)
	at org.openqa.selenium.chrome.ChromeDriver.<init>(ChromeDriver.java:181)
	at org.openqa.selenium.chrome.ChromeDriver.<init>(ChromeDriver.java:168)
	at org.openqa.selenium.chrome.ChromeDriver.<init>(ChromeDriver.java:123)
	at hw2.TestForExercise1.createDriver(TestForExercise1.java:17)
	at sun.reflect.NativeMethodAccessorImpl.invoke0(Native Method)
	at sun.reflect.NativeMethodAccessorImpl.invoke(NativeMethodAccessorImpl.java:62)
	at sun.reflect.DelegatingMethodAccessorImpl.invoke(DelegatingMethodAccessorImpl.java:43)
	at java.lang.reflect.Method.invoke(Method.java:497)
	at org.testng.internal.MethodInvocationHelper.invokeMethod(MethodInvocationHelper.java:80)
	at org.testng.internal.Invoker.invokeConfigurationMethod(Invoker.java:564)
	at org.testng.internal.Invoker.invokeConfigurations(Invoker.java:213)
	at org.testng.internal.Invoker.invokeConfigurations(Invoker.java:138)
	at org.testng.TestRunner.beforeRun(TestRunner.java:641)
	at org.testng.TestRunner.run(TestRunner.java:609)
	at org.testng.SuiteRunner.runTest(SuiteRunner.java:334)
	at org.testng.SuiteRunner.runSequentially(SuiteRunner.java:329)
	at org.testng.SuiteRunner.privateRun(SuiteRunner.java:291)
	at org.testng.SuiteRunner.run(SuiteRunner.java:240)
	at org.testng.SuiteRunnerWorker.runSuite(SuiteRunnerWorker.java:52)
	at org.testng.SuiteRunnerWorker.run(SuiteRunnerWorker.java:86)
	at org.testng.TestNG.runSuitesSequentially(TestNG.java:1198)
	at org.testng.TestNG.runSuitesLocally(TestNG.java:1123)
	at org.testng.TestNG.run(TestNG.java:1031)
	at org.apache.maven.surefire.testng.TestNGExecutor.run(TestNGExecutor.java:135)
	at org.apache.maven.surefire.testng.TestNGDirectoryTestSuite.executeMulti(TestNGDirectoryTestSuite.java:193)
	at org.apache.maven.surefire.testng.TestNGDirectoryTestSuite.execute(TestNGDirectoryTestSuite.java:94)
	at org.apache.maven.surefire.testng.TestNGProvider.invoke(TestNGProvider.java:146)
	at org.apache.maven.surefire.booter.ForkedBooter.invokeProviderInSameClassLoader(ForkedBooter.java:384)
	at org.apache.maven.surefire.booter.ForkedBooter.runSuitesInProcess(ForkedBooter.java:345)
	at org.apache.maven.surefire.booter.ForkedBooter.execute(ForkedBooter.java:126)
	at org.apache.maven.surefire.booter.ForkedBooter.main(ForkedBooter.java:418)
]]>
    </failure>
  </testcase> <!-- SubtractingZeroFromADoubleValueDoesNotChangeResult -->
</testsuite> <!-- hw1.TestSubtractionReturnsCorrectResults -->
