<?xml version="1.0" encoding="UTF-8"?>
<!-- Generated by org.testng.reporters.JUnitReportReporter -->
<testsuite hostname="EPRUPETW6152" name="hw1.TestSubtractionReturnsCorrectResults" tests="6" failures="0" timestamp="24 Jun 2019 06:12:27 GMT" time="0.001" errors="0">
  <testcase name="SubtractingDoubleNegativeMakesAPositive" time="0.000" classname="hw1.TestSubtractionReturnsCorrectResults"/>
  <testcase name="SubtractingZeroFromALongValueDoesNotChangeResult" time="0.001" classname="hw1.TestSubtractionReturnsCorrectResults"/>
  <testcase name="SubtractingDoubleValuesReturnsCorrectResults" time="0.000" classname="hw1.TestSubtractionReturnsCorrectResults"/>
  <testcase name="SubtractionLongValuesReturnsCorrectResult" time="0.000" classname="hw1.TestSubtractionReturnsCorrectResults"/>
  <testcase name="SubtractingLongNegativeMakesAPositive" time="0.000" classname="hw1.TestSubtractionReturnsCorrectResults"/>
  <testcase name="SubtractingZeroFromADoubleValueDoesNotChangeResult" time="0.000" classname="hw1.TestSubtractionReturnsCorrectResults"/>
</testsuite> <!-- hw1.TestSubtractionReturnsCorrectResults -->
