<?xml version="1.0" encoding="UTF-8"?>
<!-- Generated by org.testng.reporters.JUnitReportReporter -->
<testsuite hostname="EPRUPETW6152" name="hw1.TestMultiplicationReturnsCorrectResults" tests="4" failures="0" timestamp="24 Jun 2019 06:12:27 GMT" time="0.001" errors="0">
  <testcase name="MultiplicationOfADoubleByZeroReturnsZero" time="0.001" classname="hw1.TestMultiplicationReturnsCorrectResults"/>
  <testcase name="MultiplicationOfALongByZeroReturnsZero" time="0.000" classname="hw1.TestMultiplicationReturnsCorrectResults"/>
  <testcase name="MultiplicationOfLongsReturnsCorrectResult" time="0.000" classname="hw1.TestMultiplicationReturnsCorrectResults"/>
  <testcase name="MultiplicationOfDoublesReturnsCorrectResult" time="0.000" classname="hw1.TestMultiplicationReturnsCorrectResults"/>
</testsuite> <!-- hw1.TestMultiplicationReturnsCorrectResults -->
