<?xml version="1.0" encoding="UTF-8"?>
<!-- Generated by org.testng.reporters.JUnitReportReporter -->
<testsuite hostname="EPRUPETW6152" name="hw1.TestAddingReturnsCorrectSum" tests="6" failures="0" timestamp="23 Jun 2019 20:33:18 GMT" time="0.003" errors="0">
  <testcase name="AddingTwoLongNegativesReturnsCorrectResult" time="0.001" classname="hw1.TestAddingReturnsCorrectSum"/>
  <testcase name="AddingLongVariablesReturnsCorrectResult" time="0.000" classname="hw1.TestAddingReturnsCorrectSum"/>
  <testcase name="AddingTwoDoubleNegativesReturnsCorrectResult" time="0.001" classname="hw1.TestAddingReturnsCorrectSum"/>
  <testcase name="AddingZeroToADoubleValueDoesNotChangeTheSum" time="0.000" classname="hw1.TestAddingReturnsCorrectSum"/>
  <testcase name="AddingDoubleVariablesReturnsCorrecrtResults" time="0.001" classname="hw1.TestAddingReturnsCorrectSum"/>
  <testcase name="AddingZeroToALongValueDoesNotChangeTheSum" time="0.000" classname="hw1.TestAddingReturnsCorrectSum"/>
</testsuite> <!-- hw1.TestAddingReturnsCorrectSum -->
