<?xml version="1.0" encoding="UTF-8"?>
<!-- Generated by org.testng.reporters.JUnitReportReporter -->
<testsuite hostname="EPRUPETW6152" name="hw2.TestForExcercise2" tests="1" failures="0" timestamp="23 Jun 2019 20:33:18 GMT" time="6.132" errors="0">
  <testcase name="TestScenario2" time="6.132" classname="hw2.TestForExcercise2"/>
</testsuite> <!-- hw2.TestForExcercise2 -->
