<?xml version="1.0" encoding="UTF-8"?>
<!-- Generated by org.testng.reporters.JUnitReportReporter -->
<testsuite hostname="EPRUPETW6152" name="hw1.TestDivisionReturnsCorrectResults" tests="6" failures="0" timestamp="24 Jun 2019 06:12:27 GMT" time="0.002" errors="0">
  <testcase name="DivisionOfDoubleByDoubleReturnsCorrectResult" time="0.000" classname="hw1.TestDivisionReturnsCorrectResults"/>
  <testcase name="DivisionOfANongByUnityReturnsItself" time="0.000" classname="hw1.TestDivisionReturnsCorrectResults"/>
  <testcase name="DivisionOfLongByLongReturnsCorrectResult" time="0.000" classname="hw1.TestDivisionReturnsCorrectResults"/>
  <testcase name="DivisionOfADoubleByUnityReturnsItself" time="0.000" classname="hw1.TestDivisionReturnsCorrectResults"/>
  <testcase name="DivisionOfADoubleByZeroReturnsInfitnity" time="0.001" classname="hw1.TestDivisionReturnsCorrectResults"/>
  <testcase name="DivisionALongByZeroThrowsException" time="0.001" classname="hw1.TestDivisionReturnsCorrectResults"/>
</testsuite> <!-- hw1.TestDivisionReturnsCorrectResults -->
