<?xml version="1.0" encoding="UTF-8"?>
<!-- Generated by org.testng.reporters.JUnitReportReporter -->
<testsuite hostname="EPRUPETW6152" name="hw2.TestForExcercise1" tests="1" failures="0" timestamp="24 Jun 2019 07:03:21 GMT" time="3.500" errors="0">
  <testcase name="TestScenario1" time="3.500" classname="hw2.TestForExcercise1"/>
</testsuite> <!-- hw2.TestForExcercise1 -->
