<?xml version="1.0" encoding="UTF-8"?>
<!-- Generated by org.testng.reporters.JUnitReportReporter -->
<testsuite hostname="EPRUPETW6152" name="hw2.TestForExcercise2" tests="1" failures="0" timestamp="24 Jun 2019 06:12:27 GMT" time="6.221" errors="0">
  <testcase name="TestScenario2" time="6.221" classname="hw2.TestForExcercise2"/>
</testsuite> <!-- hw2.TestForExcercise2 -->
