<?xml version="1.0" encoding="UTF-8"?>
<!-- Generated by org.testng.reporters.JUnitReportReporter -->
<testsuite hostname="EPRUPETW6152" name="hw2.TestForExcercise2" tests="1" failures="0" timestamp="24 Jun 2019 07:29:35 GMT" time="8.027" errors="0">
  <testcase name="TestScenario2" time="8.027" classname="hw2.TestForExcercise2"/>
</testsuite> <!-- hw2.TestForExcercise2 -->
